Build started 12/27/2022 12:56:43 AM.
     1>Project "D:\opne_gl_project\Train_Project\Train_Project\Train_Project.vcxproj" on node 2 (Build target(s)).
     1>ClCompile:
         C:\Program Files (x86)\Microsoft Visual Studio 11.0\VC\bin\CL.exe /c /ZI /nologo /W3 /WX- /Od /Oy- /D _MBCS /Gm /EHsc /RTC1 /MDd /GS /fp:precise /Zc:wchar_t /Zc:forScope /Fo"Debug\\" /Fd"Debug\vc110.pdb" /Gd /TP /analyze- /errorReport:prompt skybox.cpp workspace.cpp
         workspace.cpp
     1>d:\opne_gl_project\train_project\train_project\workspace.cpp(208): warning C4244: 'argument' : conversion from 'double' to 'int', possible loss of data
         skybox.cpp
     1>d:\opne_gl_project\train_project\train_project\skybox.cpp(20): warning C4244: 'argument' : conversion from 'int' to 'GLfloat', possible loss of data
     1>d:\opne_gl_project\train_project\train_project\skybox.cpp(22): warning C4244: 'argument' : conversion from 'int' to 'GLfloat', possible loss of data
     1>d:\opne_gl_project\train_project\train_project\skybox.cpp(24): warning C4244: 'argument' : conversion from 'int' to 'GLfloat', possible loss of data
     1>d:\opne_gl_project\train_project\train_project\skybox.cpp(26): warning C4244: 'argument' : conversion from 'int' to 'GLfloat', possible loss of data
     1>d:\opne_gl_project\train_project\train_project\skybox.cpp(29): warning C4244: 'argument' : conversion from 'int' to 'GLfloat', possible loss of data
     1>d:\opne_gl_project\train_project\train_project\skybox.cpp(31): warning C4244: 'argument' : conversion from 'int' to 'GLfloat', possible loss of data
     1>d:\opne_gl_project\train_project\train_project\skybox.cpp(33): warning C4244: 'argument' : conversion from 'int' to 'GLfloat', possible loss of data
     1>d:\opne_gl_project\train_project\train_project\skybox.cpp(35): warning C4244: 'argument' : conversion from 'int' to 'GLfloat', possible loss of data
     1>d:\opne_gl_project\train_project\train_project\skybox.cpp(39): warning C4244: 'argument' : conversion from 'int' to 'GLfloat', possible loss of data
     1>d:\opne_gl_project\train_project\train_project\skybox.cpp(41): warning C4244: 'argument' : conversion from 'int' to 'GLfloat', possible loss of data
     1>d:\opne_gl_project\train_project\train_project\skybox.cpp(43): warning C4244: 'argument' : conversion from 'int' to 'GLfloat', possible loss of data
     1>d:\opne_gl_project\train_project\train_project\skybox.cpp(45): warning C4244: 'argument' : conversion from 'int' to 'GLfloat', possible loss of data
     1>d:\opne_gl_project\train_project\train_project\skybox.cpp(55): warning C4244: 'argument' : conversion from 'int' to 'GLfloat', possible loss of data
     1>d:\opne_gl_project\train_project\train_project\skybox.cpp(57): warning C4244: 'argument' : conversion from 'int' to 'GLfloat', possible loss of data
     1>d:\opne_gl_project\train_project\train_project\skybox.cpp(59): warning C4244: 'argument' : conversion from 'int' to 'GLfloat', possible loss of data
     1>d:\opne_gl_project\train_project\train_project\skybox.cpp(61): warning C4244: 'argument' : conversion from 'int' to 'GLfloat', possible loss of data
     1>d:\opne_gl_project\train_project\train_project\skybox.cpp(70): warning C4244: 'argument' : conversion from 'int' to 'GLfloat', possible loss of data
     1>d:\opne_gl_project\train_project\train_project\skybox.cpp(72): warning C4244: 'argument' : conversion from 'int' to 'GLfloat', possible loss of data
     1>d:\opne_gl_project\train_project\train_project\skybox.cpp(74): warning C4244: 'argument' : conversion from 'int' to 'GLfloat', possible loss of data
     1>d:\opne_gl_project\train_project\train_project\skybox.cpp(76): warning C4244: 'argument' : conversion from 'int' to 'GLfloat', possible loss of data
     1>d:\opne_gl_project\train_project\train_project\skybox.cpp(79): warning C4244: 'argument' : conversion from 'int' to 'GLfloat', possible loss of data
     1>d:\opne_gl_project\train_project\train_project\skybox.cpp(81): warning C4244: 'argument' : conversion from 'int' to 'GLfloat', possible loss of data
     1>d:\opne_gl_project\train_project\train_project\skybox.cpp(83): warning C4244: 'argument' : conversion from 'int' to 'GLfloat', possible loss of data
     1>d:\opne_gl_project\train_project\train_project\skybox.cpp(85): warning C4244: 'argument' : conversion from 'int' to 'GLfloat', possible loss of data
     1>d:\opne_gl_project\train_project\train_project\skybox.cpp(89): warning C4244: 'argument' : conversion from 'int' to 'GLfloat', possible loss of data
     1>d:\opne_gl_project\train_project\train_project\skybox.cpp(91): warning C4244: 'argument' : conversion from 'int' to 'GLfloat', possible loss of data
     1>d:\opne_gl_project\train_project\train_project\skybox.cpp(93): warning C4244: 'argument' : conversion from 'int' to 'GLfloat', possible loss of data
     1>d:\opne_gl_project\train_project\train_project\skybox.cpp(95): warning C4244: 'argument' : conversion from 'int' to 'GLfloat', possible loss of data
     1>d:\opne_gl_project\train_project\train_project\skybox.cpp(105): warning C4244: 'argument' : conversion from 'int' to 'GLfloat', possible loss of data
     1>d:\opne_gl_project\train_project\train_project\skybox.cpp(107): warning C4244: 'argument' : conversion from 'int' to 'GLfloat', possible loss of data
     1>d:\opne_gl_project\train_project\train_project\skybox.cpp(109): warning C4244: 'argument' : conversion from 'int' to 'GLfloat', possible loss of data
     1>d:\opne_gl_project\train_project\train_project\skybox.cpp(111): warning C4244: 'argument' : conversion from 'int' to 'GLfloat', possible loss of data
     1>d:\opne_gl_project\train_project\train_project\skybox.cpp(125): warning C4244: 'argument' : conversion from 'int' to 'GLfloat', possible loss of data
     1>d:\opne_gl_project\train_project\train_project\skybox.cpp(127): warning C4244: 'argument' : conversion from 'int' to 'GLfloat', possible loss of data
     1>d:\opne_gl_project\train_project\train_project\skybox.cpp(129): warning C4244: 'argument' : conversion from 'int' to 'GLfloat', possible loss of data
     1>d:\opne_gl_project\train_project\train_project\skybox.cpp(131): warning C4244: 'argument' : conversion from 'int' to 'GLfloat', possible loss of data
     1>d:\opne_gl_project\train_project\train_project\skybox.cpp(139): warning C4244: 'argument' : conversion from 'int' to 'GLfloat', possible loss of data
     1>d:\opne_gl_project\train_project\train_project\skybox.cpp(141): warning C4244: 'argument' : conversion from 'int' to 'GLfloat', possible loss of data
     1>d:\opne_gl_project\train_project\train_project\skybox.cpp(143): warning C4244: 'argument' : conversion from 'int' to 'GLfloat', possible loss of data
     1>d:\opne_gl_project\train_project\train_project\skybox.cpp(145): warning C4244: 'argument' : conversion from 'int' to 'GLfloat', possible loss of data
     1>d:\opne_gl_project\train_project\train_project\skybox.cpp(148): warning C4244: 'argument' : conversion from 'int' to 'GLfloat', possible loss of data
     1>d:\opne_gl_project\train_project\train_project\skybox.cpp(150): warning C4244: 'argument' : conversion from 'int' to 'GLfloat', possible loss of data
     1>d:\opne_gl_project\train_project\train_project\skybox.cpp(152): warning C4244: 'argument' : conversion from 'int' to 'GLfloat', possible loss of data
     1>d:\opne_gl_project\train_project\train_project\skybox.cpp(154): warning C4244: 'argument' : conversion from 'int' to 'GLfloat', possible loss of data
     1>d:\opne_gl_project\train_project\train_project\skybox.cpp(157): warning C4244: 'argument' : conversion from 'int' to 'GLfloat', possible loss of data
     1>d:\opne_gl_project\train_project\train_project\skybox.cpp(159): warning C4244: 'argument' : conversion from 'int' to 'GLfloat', possible loss of data
     1>d:\opne_gl_project\train_project\train_project\skybox.cpp(161): warning C4244: 'argument' : conversion from 'int' to 'GLfloat', possible loss of data
     1>d:\opne_gl_project\train_project\train_project\skybox.cpp(163): warning C4244: 'argument' : conversion from 'int' to 'GLfloat', possible loss of data
     1>d:\opne_gl_project\train_project\train_project\skybox.cpp(196): warning C4244: 'argument' : conversion from 'int' to 'GLfloat', possible loss of data
     1>d:\opne_gl_project\train_project\train_project\skybox.cpp(198): warning C4244: 'argument' : conversion from 'int' to 'GLfloat', possible loss of data
     1>d:\opne_gl_project\train_project\train_project\skybox.cpp(200): warning C4244: 'argument' : conversion from 'int' to 'GLfloat', possible loss of data
     1>d:\opne_gl_project\train_project\train_project\skybox.cpp(202): warning C4244: 'argument' : conversion from 'int' to 'GLfloat', possible loss of data
     1>d:\opne_gl_project\train_project\train_project\skybox.cpp(212): warning C4244: 'argument' : conversion from 'int' to 'GLfloat', possible loss of data
     1>d:\opne_gl_project\train_project\train_project\skybox.cpp(214): warning C4244: 'argument' : conversion from 'int' to 'GLfloat', possible loss of data
     1>d:\opne_gl_project\train_project\train_project\skybox.cpp(216): warning C4244: 'argument' : conversion from 'int' to 'GLfloat', possible loss of data
     1>d:\opne_gl_project\train_project\train_project\skybox.cpp(218): warning C4244: 'argument' : conversion from 'int' to 'GLfloat', possible loss of data
     1>d:\opne_gl_project\train_project\train_project\skybox.cpp(227): warning C4244: 'argument' : conversion from 'int' to 'GLfloat', possible loss of data
     1>d:\opne_gl_project\train_project\train_project\skybox.cpp(229): warning C4244: 'argument' : conversion from 'int' to 'GLfloat', possible loss of data
     1>d:\opne_gl_project\train_project\train_project\skybox.cpp(231): warning C4244: 'argument' : conversion from 'int' to 'GLfloat', possible loss of data
     1>d:\opne_gl_project\train_project\train_project\skybox.cpp(233): warning C4244: 'argument' : conversion from 'int' to 'GLfloat', possible loss of data
     1>d:\opne_gl_project\train_project\train_project\skybox.cpp(241): warning C4244: 'argument' : conversion from 'int' to 'GLfloat', possible loss of data
     1>d:\opne_gl_project\train_project\train_project\skybox.cpp(243): warning C4244: 'argument' : conversion from 'int' to 'GLfloat', possible loss of data
     1>d:\opne_gl_project\train_project\train_project\skybox.cpp(245): warning C4244: 'argument' : conversion from 'int' to 'GLfloat', possible loss of data
     1>d:\opne_gl_project\train_project\train_project\skybox.cpp(247): warning C4244: 'argument' : conversion from 'int' to 'GLfloat', possible loss of data
     1>d:\opne_gl_project\train_project\train_project\skybox.cpp(256): warning C4244: 'argument' : conversion from 'int' to 'GLfloat', possible loss of data
     1>d:\opne_gl_project\train_project\train_project\skybox.cpp(258): warning C4244: 'argument' : conversion from 'int' to 'GLfloat', possible loss of data
     1>d:\opne_gl_project\train_project\train_project\skybox.cpp(260): warning C4244: 'argument' : conversion from 'int' to 'GLfloat', possible loss of data
     1>d:\opne_gl_project\train_project\train_project\skybox.cpp(262): warning C4244: 'argument' : conversion from 'int' to 'GLfloat', possible loss of data
     1>d:\opne_gl_project\train_project\train_project\skybox.cpp(269): warning C4244: 'argument' : conversion from 'int' to 'GLfloat', possible loss of data
     1>d:\opne_gl_project\train_project\train_project\skybox.cpp(271): warning C4244: 'argument' : conversion from 'int' to 'GLfloat', possible loss of data
     1>d:\opne_gl_project\train_project\train_project\skybox.cpp(273): warning C4244: 'argument' : conversion from 'int' to 'GLfloat', possible loss of data
     1>d:\opne_gl_project\train_project\train_project\skybox.cpp(275): warning C4244: 'argument' : conversion from 'int' to 'GLfloat', possible loss of data
     1>d:\opne_gl_project\train_project\train_project\skybox.cpp(282): warning C4244: 'argument' : conversion from 'int' to 'GLfloat', possible loss of data
     1>d:\opne_gl_project\train_project\train_project\skybox.cpp(284): warning C4244: 'argument' : conversion from 'int' to 'GLfloat', possible loss of data
     1>d:\opne_gl_project\train_project\train_project\skybox.cpp(286): warning C4244: 'argument' : conversion from 'int' to 'GLfloat', possible loss of data
     1>d:\opne_gl_project\train_project\train_project\skybox.cpp(288): warning C4244: 'argument' : conversion from 'int' to 'GLfloat', possible loss of data
         Generating Code...
       Link:
         C:\Program Files (x86)\Microsoft Visual Studio 11.0\VC\bin\link.exe /ERRORREPORT:PROMPT /OUT:"D:\opne_gl_project\Train_Project\Debug\Train_Project.exe" /INCREMENTAL /NOLOGO GLAUX.lib GLU32.lib glut.lib OPENGL32.lib glut32.lib kernel32.lib user32.lib gdi32.lib winspool.lib comdlg32.lib advapi32.lib shell32.lib ole32.lib oleaut32.lib uuid.lib odbc32.lib odbccp32.lib /MANIFEST /MANIFESTUAC:"level='asInvoker' uiAccess='false'" /manifest:embed /DEBUG /PDB:"D:\opne_gl_project\Train_Project\Debug\Train_Project.pdb" /TLBID:1 /DYNAMICBASE /NXCOMPAT /IMPLIB:"D:\opne_gl_project\Train_Project\Debug\Train_Project.lib" /MACHINE:X86 Debug\camera.obj
         Debug\Point.obj
         Debug\skybox.obj
         Debug\texture.obj
         Debug\workspace.obj
         Train_Project.vcxproj -> D:\opne_gl_project\Train_Project\Debug\Train_Project.exe
     1>Done Building Project "D:\opne_gl_project\Train_Project\Train_Project\Train_Project.vcxproj" (Build target(s)).

Build succeeded.

Time Elapsed 00:00:02.62
